"../../../../Unreal Projects/MitchNolan32/Content/Textures/Grey.uasset" 0
"../../../../Unreal Projects/MitchNolan32/Content/Materials/FloorMaterial.uasset" 1
"../../../../Unreal Projects/MitchNolan32/Content/FloorMaterial.uasset" 2
"../../../../Unreal Projects/MitchNolan32/Content/BaseMaterial.uasset" 3
"../../../Engine/Content/EditorBlueprintResources/StandardMacros.uasset" 4
"../../../../Unreal Projects/MitchNolan32/Content/Materials/HealthPackMat.uasset" 5
"../../../Engine/Content/EngineMaterials/T_Default_Material_Grid_N.uasset" 6
"../../../Engine/Content/EngineMaterials/T_Default_Material_Grid_M.uasset" 7
"../../../Engine/Content/Functions/Engine_MaterialFunctions01/Opacity/CameraDepthFade.uasset" 8
"../../../Engine/Content/EngineMaterials/WorldGridMaterial.uasset" 9
"../../../../Unreal Projects/MitchNolan32/Content/Meshes/Health.uasset" 10
"../../../../Unreal Projects/MitchNolan32/Content/SFX/HealthSlurp.uasset" 11
"../../../../Unreal Projects/MitchNolan32/Content/SFX/Gong.uasset" 12
"../../../../Unreal Projects/MitchNolan32/Content/Textures/will_smith_texture.uasset" 13
"../../../../Unreal Projects/MitchNolan32/Content/Materials/PlayerMaterial/PlayerMaterial.uasset" 14
"../../../../Unreal Projects/MitchNolan32/Content/Materials/PlayerMaterial/PlayerMaterial_Inst.uasset" 15
"../../../../Unreal Projects/MitchNolan32/Content/SFX/Weapons/SMG/Gunshot01.uasset" 16
"../../../../Unreal Projects/MitchNolan32/Content/Meshes/Weapons/KenneyBlasters/_defaultMat.uasset" 17
"../../../../Unreal Projects/MitchNolan32/Content/Meshes/Weapons/KenneyBlasters/purple.uasset" 18
"../../../../Unreal Projects/MitchNolan32/Content/Meshes/Weapons/KenneyBlasters/metal.uasset" 19
"../../../../Unreal Projects/MitchNolan32/Content/Meshes/Weapons/KenneyBlasters/darkMetal.uasset" 20
"../../../../Unreal Projects/MitchNolan32/Content/Meshes/Weapons/KenneyBlasters/dark.uasset" 21
"../../../../Unreal Projects/MitchNolan32/Content/Meshes/Weapons/KenneyBlasters/blasterD.uasset" 22
"../../../../Unreal Projects/MitchNolan32/Content/FirstPersonBP/Blueprints/Weapons/KillfeedData/KillfeedStruct.uasset" 23
"../../../../Unreal Projects/MitchNolan32/Content/FirstPersonBP/Blueprints/Weapons/KillfeedData/SMGDamage.uasset" 24
"../../../../Unreal Projects/MitchNolan32/Content/SFX/SoundAttenuation.uasset" 25
"../../../../Unreal Projects/MitchNolan32/Content/SFX/LaserAmbience.uasset" 26
"../../../../Unreal Projects/MitchNolan32/Content/FirstPersonBP/Blueprints/Weapons/Projectiles/FPProjectile/BulletTrail.uasset" 27
"../../../../Unreal Projects/MitchNolan32/Content/FirstPersonBP/Blueprints/Weapons/Projectiles/FPProjectile/P_BulletTrail.uasset" 28
"../../../../Unreal Projects/MitchNolan32/Content/Particles/Textures/T_Spark_Core.uasset" 29
"../../../../Unreal Projects/MitchNolan32/Content/Particles/Materials/M_Spark.uasset" 30
"../../../../Unreal Projects/MitchNolan32/Content/Particles/Textures/T_Smoke_Tiled_D.uasset" 31
"../../../../Unreal Projects/MitchNolan32/Content/Particles/Textures/T_Smoke_SubUV.uasset" 32
"../../../../Unreal Projects/MitchNolan32/Content/Particles/Materials/M_smoke_subUV.uasset" 33
"../../../Engine/Content/Functions/Engine_MaterialFunctions01/Gradient/RadialGradient.uasset" 34
"../../../../Unreal Projects/MitchNolan32/Content/Particles/Materials/M_Radial_Gradient.uasset" 35
"../../../../Unreal Projects/MitchNolan32/Content/Particles/Textures/T_Explosion_SubUV.uasset" 36
"../../../../Unreal Projects/MitchNolan32/Content/Particles/Materials/M_explosion_subUV.uasset" 37
"../../../../Unreal Projects/MitchNolan32/Content/Particles/Textures/T_Burst_M.uasset" 38
"../../../../Unreal Projects/MitchNolan32/Content/Particles/Materials/M_Burst.uasset" 39
"../../../../Unreal Projects/MitchNolan32/Content/Particles/P_Explosion.uasset" 40
"../../../../Unreal Projects/MitchNolan32/Content/FirstPersonBP/Blueprints/Weapons/DamageClass/BaseFPSDamageType.uasset" 41
"../../../../Unreal Projects/MitchNolan32/Content/FirstPerson/Meshes/ProjectileMaterial.uasset" 42
"../../../../Unreal Projects/MitchNolan32/Content/FirstPerson/Meshes/BaseMaterial.uasset" 43
"../../../../Unreal Projects/MitchNolan32/Content/FirstPerson/Meshes/FirstPersonProjectileMaterial.uasset" 44
"../../../../Unreal Projects/MitchNolan32/Content/FirstPerson/Meshes/FirstPersonProjectileMesh.uasset" 45
"../../../../Unreal Projects/MitchNolan32/Content/FirstPersonBP/Blueprints/Character/JuggernautCharacter.uasset" 46
"../../../../Unreal Projects/MitchNolan32/Content/FirstPersonBP/Blueprints/FirstPerson/Team/TeamStruct.uasset" 47
"../../../../Unreal Projects/MitchNolan32/Content/FirstPersonBP/Blueprints/FirstPerson/Team/TeamData.uasset" 48
"../../../../Unreal Projects/MitchNolan32/Content/FirstPersonBP/Blueprints/FirstPerson/Team/TeamEnum.uasset" 49
"../../../Engine/Content/EditorBlueprintResources/ActorMacros.uasset" 50
"../../../../Unreal Projects/MitchNolan32/Content/SFX/UI/maximize_003.uasset" 51
"../../../../Unreal Projects/MitchNolan32/Content/SFX/UI/confirmation_001.uasset" 52
"../../../../Unreal Projects/MitchNolan32/Content/SFX/UI/click_004.uasset" 53
"../../../../Unreal Projects/MitchNolan32/Content/SFX/UI/click_002.uasset" 54
"../../../../Unreal Projects/MitchNolan32/Content/SFX/Weapons/SniperRifle/SniperShot01.uasset" 55
"../../../../Unreal Projects/MitchNolan32/Content/SFX/Weapons/SniperRifle/SniperRifleCock01.uasset" 56
"../../../../Unreal Projects/MitchNolan32/Content/Meshes/Weapons/KenneyBlasters/yellow.uasset" 57
"../../../../Unreal Projects/MitchNolan32/Content/Meshes/Weapons/KenneyBlasters/blasterE.uasset" 58
"../../../../Unreal Projects/MitchNolan32/Content/FirstPersonBP/Blueprints/Weapons/KillfeedData/SniperRifleDamage.uasset" 59
"../../../../Unreal Projects/MitchNolan32/Content/FirstPersonBP/Blueprints/Weapons/Projectiles/FPProjectile/SniperBullet.uasset" 60
"../../../../Unreal Projects/MitchNolan32/Content/FirstPersonBP/Blueprints/Weapons/DamageClass/SniperRifleDamage.uasset" 61
"../../../../Unreal Projects/MitchNolan32/Content/FirstPersonBP/Blueprints/Weapons/Weapon_SniperRifle.uasset" 62
"../../../../Unreal Projects/MitchNolan32/Content/SFX/Weapons/Shotgun/ShotgunShot01.uasset" 63
"../../../../Unreal Projects/MitchNolan32/Content/SFX/Weapons/Shotgun/ShotgunPump01.uasset" 64
"../../../../Unreal Projects/MitchNolan32/Content/Meshes/Weapons/KenneyBlasters/pink.uasset" 65
"../../../../Unreal Projects/MitchNolan32/Content/Meshes/Weapons/KenneyBlasters/blasterL.uasset" 66
"../../../../Unreal Projects/MitchNolan32/Content/FirstPersonBP/Blueprints/Weapons/KillfeedData/ShotgunDamage.uasset" 67
"../../../../Unreal Projects/MitchNolan32/Content/FirstPersonBP/Blueprints/Weapons/DamageClass/ShotgunDamage.uasset" 68
"../../../../Unreal Projects/MitchNolan32/Content/FirstPersonBP/Blueprints/Weapons/Weapon_Shotgun.uasset" 69
"../../../../Unreal Projects/MitchNolan32/Content/SFX/Weapons/RocketLauncher/RPGShot01.uasset" 70
"../../../../Unreal Projects/MitchNolan32/Content/SFX/Weapons/RocketLauncher/RPGLoad01.uasset" 71
"../../../../Unreal Projects/MitchNolan32/Content/Meshes/Weapons/KenneyBlasters/green.uasset" 72
"../../../../Unreal Projects/MitchNolan32/Content/Meshes/Weapons/KenneyBlasters/blasterO.uasset" 73
"../../../../Unreal Projects/MitchNolan32/Content/FirstPersonBP/Blueprints/Weapons/KillfeedData/RocketDamage.uasset" 74
"../../../../Unreal Projects/MitchNolan32/Content/SFX/Weapons/RocketLauncher/Welding_torch.uasset" 75
"../../../../Unreal Projects/MitchNolan32/Content/Particles/P_Smoke.uasset" 76
"../../../../Unreal Projects/MitchNolan32/Content/Meshes/Weapons/Gold.uasset" 77
"../../../../Unreal Projects/MitchNolan32/Content/Meshes/Weapons/FrontColor.uasset" 78
"../../../../Unreal Projects/MitchNolan32/Content/Meshes/Weapons/Dark_Olive.uasset" 79
"../../../../Unreal Projects/MitchNolan32/Content/Meshes/Weapons/Gray8.uasset" 80
"../../../../Unreal Projects/MitchNolan32/Content/Meshes/Weapons/ammo_rocketModern.uasset" 81
"../../../../Unreal Projects/MitchNolan32/Content/FirstPersonBP/Blueprints/Weapons/DamageClass/RocketDamage.uasset" 82
"../../../../Unreal Projects/MitchNolan32/Content/SFX/GrenadeExplosion.uasset" 83
"../../../../Unreal Projects/MitchNolan32/Content/Textures/BurnMarks/Burn_Mark_1.uasset" 84
"../../../../Unreal Projects/MitchNolan32/Content/Textures/BurnMarks/MAT_BurnMark.uasset" 85
"../../../../Unreal Projects/MitchNolan32/Content/Textures/BurnMarks/MAT_BurnMark_Inst.uasset" 86
"../../../../Unreal Projects/MitchNolan32/Content/Textures/BurnMarks/Burn_Mark_8.uasset" 87
"../../../../Unreal Projects/MitchNolan32/Content/Textures/BurnMarks/Burn_Mark_7.uasset" 88
"../../../../Unreal Projects/MitchNolan32/Content/Textures/BurnMarks/Burn_Mark_6.uasset" 89
"../../../../Unreal Projects/MitchNolan32/Content/Textures/BurnMarks/Burn_Mark_5.uasset" 90
"../../../../Unreal Projects/MitchNolan32/Content/Textures/BurnMarks/Burn_Mark_4.uasset" 91
"../../../../Unreal Projects/MitchNolan32/Content/Textures/BurnMarks/Burn_Mark_3.uasset" 92
"../../../../Unreal Projects/MitchNolan32/Content/Textures/BurnMarks/Burn_Mark_2.uasset" 93
"../../../../Unreal Projects/MitchNolan32/Content/Textures/BurnMarks/DecalBurnMark.uasset" 94
"../../../../Unreal Projects/MitchNolan32/Content/FirstPersonBP/Blueprints/Grenades/ExplosionShake.uasset" 95
"../../../../Unreal Projects/MitchNolan32/Content/FirstPersonBP/Blueprints/Weapons/Projectiles/Rocket.uasset" 96
"../../../../Unreal Projects/MitchNolan32/Content/FirstPersonBP/Blueprints/Weapons/Weapon_RocketLauncher.uasset" 97
"../../../../Unreal Projects/MitchNolan32/Content/SFX/HitSFX.uasset" 98
"../../../../Unreal Projects/MitchNolan32/Content/Meshes/Grenades/Gray8.uasset" 99
"../../../../Unreal Projects/MitchNolan32/Content/Meshes/Grenades/Gray5.uasset" 100
"../../../../Unreal Projects/MitchNolan32/Content/Meshes/Grenades/Gold.uasset" 101
"../../../../Unreal Projects/MitchNolan32/Content/Meshes/Grenades/Dark_Olive.uasset" 102
"../../../../Unreal Projects/MitchNolan32/Content/Meshes/Grenades/grenade.uasset" 103
"../../../../Unreal Projects/MitchNolan32/Content/FirstPersonBP/Blueprints/Weapons/KillfeedData/GrenadeDamage.uasset" 104
"../../../../Unreal Projects/MitchNolan32/Content/FirstPersonBP/Blueprints/Weapons/DamageClass/GrenadeDamage.uasset" 105
"../../../../Unreal Projects/MitchNolan32/Content/FirstPersonBP/Blueprints/Grenades/Grenade.uasset" 106
"../../../../Unreal Projects/MitchNolan32/Content/FirstPersonBP/Blueprints/FirstPerson/FirstPersonPlayerState.uasset" 107
"../../../../Unreal Projects/MitchNolan32/Content/UI/Match/UI_Loadout.uasset" 108
"../../../../Unreal Projects/MitchNolan32/Content/UI/UI_Pause.uasset" 109
"../../../../Unreal Projects/MitchNolan32/Content/UI/Match/UI_WFPEntry.uasset" 110
"../../../../Unreal Projects/MitchNolan32/Content/FirstPersonBP/Blueprints/FirstPerson/Team/TeamStateStruct.uasset" 111
"../../../../Unreal Projects/MitchNolan32/Content/FirstPersonBP/Blueprints/FirstPerson/GameStateEnum.uasset" 112
"../../../../Unreal Projects/MitchNolan32/Content/UI/Server/ServerSettings.uasset" 113
"../../../../Unreal Projects/MitchNolan32/Content/FirstPersonBP/Blueprints/FirstPerson/FirstPersonGameInstance.uasset" 114
"../../../../Unreal Projects/MitchNolan32/Content/UI/Match/UI_Countdown.uasset" 115
"../../../../Unreal Projects/MitchNolan32/Content/FirstPerson/Textures/FirstPersonCrosshair.uasset" 116
"../../../../Unreal Projects/MitchNolan32/Content/FirstPersonBP/Blueprints/FirstPerson/FirstPersonHUD.uasset" 117
"../../../../Unreal Projects/MitchNolan32/Content/FirstPersonBP/Blueprints/FirstPerson/Gamemodes/Deathmatch.uasset" 118
"../../../../Unreal Projects/MitchNolan32/Content/FirstPersonBP/Blueprints/FirstPerson/FirstPersonGameState.uasset" 119
"../../../../Unreal Projects/MitchNolan32/Content/UI/Match/UI_ChangeTeam.uasset" 120
"../../../../Unreal Projects/MitchNolan32/Content/SFX/UI/select_006.uasset" 121
"../../../../Unreal Projects/MitchNolan32/Content/UI/Match/UI_WaitingForPlayers.uasset" 122
"../../../../Unreal Projects/MitchNolan32/Content/UI/Leaderboard/UI_TeamScoreEntry.uasset" 123
"../../../../Unreal Projects/MitchNolan32/Content/UI/Leaderboard/UI_ScoreboardEntry.uasset" 124
"../../../../Unreal Projects/MitchNolan32/Content/UI/Leaderboard/UI_Scoreboard.uasset" 125
"../../../../Unreal Projects/MitchNolan32/Content/UI/Match/UI_MatchEnd.uasset" 126
"../../../../Unreal Projects/MitchNolan32/Content/UI/HUD/KillFeed/UI_KillfeedEntry.uasset" 127
"../../../../Unreal Projects/MitchNolan32/Content/UI/HUD/KillFeed/UI_Killfeed.uasset" 128
"../../../../Unreal Projects/MitchNolan32/Content/UI/HUD/BloodOverlay.uasset" 129
"../../../../Unreal Projects/MitchNolan32/Content/SFX/Hitsound/HitMarker.uasset" 130
"../../../../Unreal Projects/MitchNolan32/Content/UI/HUD/UI_HUD.uasset" 131
"../../../../Unreal Projects/MitchNolan32/Content/SFX/Hitsound/KillSound.uasset" 132
"../../../../Unreal Projects/MitchNolan32/Content/FirstPersonBP/Blueprints/FirstPerson/FirstPersonController.uasset" 133
"../../../../Unreal Projects/MitchNolan32/Content/FirstPersonBP/Blueprints/Weapons/Projectiles/FPProjectile/Bullet.uasset" 134
"../../../../Unreal Projects/MitchNolan32/Content/FirstPersonBP/Blueprints/Weapons/GunfireShake.uasset" 135
"../../../../Unreal Projects/MitchNolan32/Content/FirstPersonBP/Blueprints/Weapons/DamageClass/SMGDamage.uasset" 136
"../../../../Unreal Projects/MitchNolan32/Content/FirstPersonBP/Blueprints/Weapons/BaseWeapon.uasset" 137
"../../../../Unreal Projects/MitchNolan32/Content/SFX/Death.uasset" 138
"../../../Engine/Content/EngineMaterials/DefaultMaterial.uasset" 139
"../../../Engine/Content/BasicShapes/Cylinder.uasset" 140
"../../../../Unreal Projects/MitchNolan32/Content/FirstPersonBP/Blueprints/Character/DeathRagdoll.uasset" 141
"../../../../Unreal Projects/MitchNolan32/Content/Materials/TeamMaterial.uasset" 142
"../../../../Unreal Projects/MitchNolan32/Content/Materials/TeamMaterial_Inst.uasset" 143
"../../../Engine/Content/BasicShapes/Sphere.uasset" 144
"../../../../Unreal Projects/MitchNolan32/Content/FirstPersonBP/Blueprints/FirstPerson/Gamemodes/CaptureTheFlag.uasset" 145
"../../../../Unreal Projects/MitchNolan32/Content/Blueprints/CaptureTheFlag/FlagSpawnPoint.uasset" 146
"../../../../Unreal Projects/MitchNolan32/Content/Blueprints/CaptureTheFlag/Flag.uasset" 147
"../../../../Unreal Projects/MitchNolan32/Content/FirstPersonBP/Blueprints/Character/FirstPersonCharacter.uasset" 148
"../../../../Unreal Projects/MitchNolan32/Content/Blueprints/FPS/HealthPack.uasset" 149
"../../../../Unreal Projects/MitchNolan32/Content/HealthPack.uasset" 150
"../../../../Unreal Projects/MitchNolan32/Content/Textures/inverted_square_gradient.uasset" 151
"../../../../Unreal Projects/MitchNolan32/Content/Textures/dots.uasset" 152
"../../../../Unreal Projects/MitchNolan32/Content/Materials/JumpPadMat.uasset" 153
"../../../../Unreal Projects/MitchNolan32/Content/Meshes/JumpPadMesh.uasset" 154
"../../../../Unreal Projects/MitchNolan32/Content/SFX/JumpPad.uasset" 155
"../../../../Unreal Projects/MitchNolan32/Content/Blueprints/FPS/JumpPad.uasset" 156
"../../../../Unreal Projects/MitchNolan32/Content/JumpPad.uasset" 157
"../../../../Unreal Projects/MitchNolan32/Content/FirstPersonBP/Blueprints/Weapons/KillfeedData/WaterDamage.uasset" 158
"../../../../Unreal Projects/MitchNolan32/Content/FirstPersonBP/Blueprints/Weapons/DamageClass/WaterDamage.uasset" 159
"../../../../Unreal Projects/MitchNolan32/Content/Materials/Water.uasset" 160
"../../../Engine/Content/BasicShapes/Plane.uasset" 161
"../../../../Unreal Projects/MitchNolan32/Content/SFX/Splash.uasset" 162
"../../../../Unreal Projects/MitchNolan32/Content/SFX/WaterAmbience.uasset" 163
"../../../../Unreal Projects/MitchNolan32/Content/Blueprints/FPS/KillWater.uasset" 164
"../../../../Unreal Projects/MitchNolan32/Content/KillWater.uasset" 165
"../../../../Unreal Projects/MitchNolan32/Content/Materials/GlowWhite.uasset" 166
"../../../../Unreal Projects/MitchNolan32/Content/SFX/Teleport.uasset" 167
"../../../../Unreal Projects/MitchNolan32/Content/Blueprints/FPS/Teleporter.uasset" 168
"../../../../Unreal Projects/MitchNolan32/Content/Teleporter.uasset" 169
"../../../../Unreal Projects/MitchNolan32/Content/Materials/WallMaterial.uasset" 170
"../../../../Unreal Projects/MitchNolan32/Content/WallMaterial.uasset" 171
"../../../../Unreal Projects/MitchNolan32/Content/FirstPerson/Character/Mesh/SK_Mannequin_Arms_Skeleton.uasset" 172
"../../../../Unreal Projects/MitchNolan32/Content/FirstPerson/Animations/FirstPerson_Fire.uasset" 173
"../../../../Unreal Projects/MitchNolan32/Content/FirstPerson/Animations/FirstPersonFire_Montage.uasset" 174
"../../../../Unreal Projects/MitchNolan32/Content/FirstPerson/Audio/FirstPersonTemplateWeaponFire02.uasset" 175
"../../../../Unreal Projects/MitchNolan32/Content/FirstPerson/Animations/FirstPerson_Idle.uasset" 176
"../../../../Unreal Projects/MitchNolan32/Content/FirstPerson/Animations/FirstPerson_JumpEnd.uasset" 177
"../../../../Unreal Projects/MitchNolan32/Content/FirstPerson/Animations/FirstPerson_JumpLoop.uasset" 178
"../../../../Unreal Projects/MitchNolan32/Content/FirstPerson/Animations/FirstPerson_JumpStart.uasset" 179
"../../../../Unreal Projects/MitchNolan32/Content/FirstPerson/Animations/FirstPerson_Run.uasset" 180
"../../../../Unreal Projects/MitchNolan32/Content/FirstPerson/Animations/FirstPerson_AnimBP.uasset" 181
"../../../../Unreal Projects/MitchNolan32/Content/FirstPerson/Character/Mesh/FirstPersonAnimBlueprint_Copy.uasset" 182
"../../../Engine/Content/Functions/Engine_MaterialFunctions02/Utility/BlendAngleCorrectedNormals.uasset" 183
"../../../Engine/Content/Functions/MaterialLayerFunctions/MatLayerBlend_Simple.uasset" 184
"../../../../Unreal Projects/MitchNolan32/Content/FirstPerson/Character/Materials/MaterialLayers/T_ML_Rubber_Blue_01_D.uasset" 185
"../../../../Unreal Projects/MitchNolan32/Content/FirstPerson/Character/Materials/MaterialLayers/T_ML_Rubber_Blue_01_N.uasset" 186
"../../../../Unreal Projects/MitchNolan32/Content/FirstPerson/Character/Materials/MaterialLayers/ML_GlossyBlack_Latex_UE4.uasset" 187
"../../../Engine/Content/Functions/MaterialLayerFunctions/MatLayerBlend_NormalBlend.uasset" 188
"../../../../Unreal Projects/MitchNolan32/Content/FirstPerson/Character/Materials/MaterialLayers/ML_Plastic_Shiny_Beige.uasset" 189
"../../../../Unreal Projects/MitchNolan32/Content/FirstPerson/Character/Textures/UE4_LOGO_CARD.uasset" 190
"../../../../Unreal Projects/MitchNolan32/Content/FirstPerson/Character/Materials/MaterialLayers/ML_Plastic_Shiny_Beige_LOGO.uasset" 191
"../../../../Unreal Projects/MitchNolan32/Content/FirstPerson/Character/Materials/MaterialLayers/T_ML_Aluminum01.uasset" 192
"../../../../Unreal Projects/MitchNolan32/Content/FirstPerson/Character/Materials/MaterialLayers/T_ML_Aluminum01_N.uasset" 193
"../../../../Unreal Projects/MitchNolan32/Content/FirstPerson/Character/Materials/MaterialLayers/ML_SoftMetal_UE4.uasset" 194
"../../../../Unreal Projects/MitchNolan32/Content/FirstPerson/Character/Textures/UE4_Mannequin_MAT_MASKA.uasset" 195
"../../../../Unreal Projects/MitchNolan32/Content/FirstPerson/Character/Textures/UE4_Mannequin__normals.uasset" 196
"../../../../Unreal Projects/MitchNolan32/Content/FirstPerson/Character/Materials/M_UE4Man_Body.uasset" 197
"../../../../Unreal Projects/MitchNolan32/Content/FirstPerson/Character/Mesh/SK_Mannequin_Arms_PhysicsAsset.uasset" 198
"../../../../Unreal Projects/MitchNolan32/Content/FirstPerson/Character/Mesh/SK_Mannequin_Arms.uasset" 199
"../../../../Unreal Projects/MitchNolan32/Content/FirstPerson/FPWeapon/Materials/MaterialLayers/ML_Plastic_Shiny_Beige_LOGO.uasset" 200
"../../../../Unreal Projects/MitchNolan32/Content/FirstPerson/FPWeapon/Materials/MaterialLayers/T_ML_FineRubber.uasset" 201
"../../../../Unreal Projects/MitchNolan32/Content/FirstPerson/FPWeapon/Mesh/SK_FPGun_Skeleton.uasset" 202
"../../../../Unreal Projects/MitchNolan32/Content/FirstPerson/FPWeapon/Textures/T_FPGun_N.uasset" 203
"../../../../Unreal Projects/MitchNolan32/Content/FirstPerson/FPWeapon/Materials/MaterialLayers/T_ML_Rubber_Blue_01_N.uasset" 204
"../../../../Unreal Projects/MitchNolan32/Content/FirstPerson/FPWeapon/Materials/MaterialLayers/T_ML_Rubber_Blue_01_D.uasset" 205
"../../../../Unreal Projects/MitchNolan32/Content/FirstPerson/FPWeapon/Materials/MaterialLayers/ML_GlossyBlack_Latex_UE4.uasset" 206
"../../../../Unreal Projects/MitchNolan32/Content/FirstPerson/FPWeapon/Materials/MaterialLayers/ML_Plastic_Shiny_Beige.uasset" 207
"../../../../Unreal Projects/MitchNolan32/Content/FirstPerson/FPWeapon/Materials/MaterialLayers/ML_Screen.uasset" 208
"../../../../Unreal Projects/MitchNolan32/Content/FirstPerson/FPWeapon/Materials/MaterialLayers/T_ML_Aluminum01_N.uasset" 209
"../../../../Unreal Projects/MitchNolan32/Content/FirstPerson/FPWeapon/Materials/MaterialLayers/T_ML_Aluminum01.uasset" 210
"../../../../Unreal Projects/MitchNolan32/Content/FirstPerson/FPWeapon/Materials/MaterialLayers/ML_SoftMetal_UE4.uasset" 211
"../../../../Unreal Projects/MitchNolan32/Content/FirstPerson/FPWeapon/Textures/T_FPGun_M.uasset" 212
"../../../../Unreal Projects/MitchNolan32/Content/FirstPerson/FPWeapon/Materials/M_FPGun.uasset" 213
"../../../../Unreal Projects/MitchNolan32/Content/FirstPerson/FPWeapon/Mesh/SK_FPGun.uasset" 214
"../../../../Unreal Projects/MitchNolan32/Content/FirstPerson/FPWeapon/Mesh/SK_FPGun_PhysicsAsset.uasset" 215
"../../../../Unreal Projects/MitchNolan32/Content/FirstPersonBP/FirstPersonOverview.uasset" 216
"../../../../Unreal Projects/MitchNolan32/Content/FirstPersonBP/Blueprints/Character/GrapplePoint.uasset" 217
"../../../../Unreal Projects/MitchNolan32/Content/FirstPersonBP/Blueprints/Character/AI/MoveToRandom.uasset" 218
"../../../../Unreal Projects/MitchNolan32/Content/FirstPersonBP/Blueprints/Character/AI/MoveToEnemy.uasset" 219
"../../../../Unreal Projects/MitchNolan32/Content/FirstPersonBP/Blueprints/Character/AI/Enemy_BB.uasset" 220
"../../../../Unreal Projects/MitchNolan32/Content/FirstPersonBP/Blueprints/Character/AI/Enemy_BT.uasset" 221
"../../../../Unreal Projects/MitchNolan32/Content/FirstPersonBP/Blueprints/Character/AI/Enemy_AI.uasset" 222
"../../../../Unreal Projects/MitchNolan32/Content/FirstPersonBP/Blueprints/Character/AI/EnemyCharacter.uasset" 223
"../../../../Unreal Projects/MitchNolan32/Content/FirstPersonBP/Blueprints/FirstPerson/Gamemodes/Juggernaut.uasset" 224
"../../../../Unreal Projects/MitchNolan32/Content/FirstPersonBP/Blueprints/FirstPerson/Gamemodes/TeamDeathmatch.uasset" 225
"../../../../Unreal Projects/MitchNolan32/Content/Geometry/Meshes/CubeMaterial.uasset" 226
"../../../../Unreal Projects/MitchNolan32/Content/Geometry/Meshes/1M_Cube_Chamfer.uasset" 227
"../../../../Unreal Projects/MitchNolan32/Content/Geometry/Meshes/TemplateFloor.uasset" 228
"../../../../Unreal Projects/MitchNolan32/Content/Meshes/Weapons/KenneyBlasters/blasterA.uasset" 229
"../../../../Unreal Projects/MitchNolan32/Content/Meshes/Weapons/KenneyBlasters/blasterB.uasset" 230
"../../../../Unreal Projects/MitchNolan32/Content/Meshes/Weapons/KenneyBlasters/blasterC.uasset" 231
"../../../../Unreal Projects/MitchNolan32/Content/Meshes/Weapons/KenneyBlasters/blasterF.uasset" 232
"../../../../Unreal Projects/MitchNolan32/Content/Meshes/Weapons/KenneyBlasters/blasterG.uasset" 233
"../../../../Unreal Projects/MitchNolan32/Content/Meshes/Weapons/KenneyBlasters/blasterH.uasset" 234
"../../../../Unreal Projects/MitchNolan32/Content/Meshes/Weapons/KenneyBlasters/blasterI.uasset" 235
"../../../../Unreal Projects/MitchNolan32/Content/Meshes/Weapons/KenneyBlasters/blasterJ.uasset" 236
"../../../../Unreal Projects/MitchNolan32/Content/Meshes/Weapons/KenneyBlasters/blasterK.uasset" 237
"../../../../Unreal Projects/MitchNolan32/Content/Meshes/Weapons/KenneyBlasters/blasterM.uasset" 238
"../../../../Unreal Projects/MitchNolan32/Content/Meshes/Weapons/KenneyBlasters/blasterN.uasset" 239
"../../../../Unreal Projects/MitchNolan32/Content/Meshes/Weapons/KenneyBlasters/blasterP.uasset" 240
"../../../../Unreal Projects/MitchNolan32/Content/Meshes/Weapons/KenneyBlasters/blasterQ.uasset" 241
"../../../../Unreal Projects/MitchNolan32/Content/Meshes/Weapons/KenneyBlasters/blasterR.uasset" 242
"../../../../Unreal Projects/MitchNolan32/Content/Meshes/Weapons/KenneyBlasters/clipA.uasset" 243
"../../../../Unreal Projects/MitchNolan32/Content/Meshes/Weapons/KenneyBlasters/foamBulletA-low.uasset" 244
"../../../../Unreal Projects/MitchNolan32/Content/Meshes/Weapons/KenneyBlasters/foamBulletA.uasset" 245
"../../../../Unreal Projects/MitchNolan32/Content/Meshes/Weapons/KenneyBlasters/foamBulletB-low.uasset" 246
"../../../../Unreal Projects/MitchNolan32/Content/Meshes/Weapons/KenneyBlasters/foamBulletB.uasset" 247
"../../../../Unreal Projects/MitchNolan32/Content/Meshes/Weapons/KenneyBlasters/scopeA.uasset" 248
"../../../../Unreal Projects/MitchNolan32/Content/Meshes/Weapons/KenneyBlasters/scopeB.uasset" 249
"../../../../Unreal Projects/MitchNolan32/Content/Meshes/Weapons/KenneyBlasters/targetA.uasset" 250
"../../../../Unreal Projects/MitchNolan32/Content/Meshes/Weapons/KenneyBlasters/targetB.uasset" 251
"../../../../Unreal Projects/MitchNolan32/Content/Meshes/Weapons/KenneyBlasters/targetSmall.uasset" 252
"../../../../Unreal Projects/MitchNolan32/Content/Particles/Materials/M_Dust_Particle.uasset" 253
"../../../../Unreal Projects/MitchNolan32/Content/Particles/P_Ambient_Dust.uasset" 254
"../../../../Unreal Projects/MitchNolan32/Content/Particles/P_Fire.uasset" 255
"../../../../Unreal Projects/MitchNolan32/Content/Particles/P_Sparks.uasset" 256
"../../../../Unreal Projects/MitchNolan32/Content/Particles/P_Steam_Lit.uasset" 257
"../../../../Unreal Projects/MitchNolan32/Content/Particles/Materials/M_Fire_SubUV.uasset" 258
"../../../../Unreal Projects/MitchNolan32/Content/Particles/Materials/m_flare_01.uasset" 259
"../../../../Unreal Projects/MitchNolan32/Content/Particles/Materials/M_Heat_Distortion.uasset" 260
"../../../../Unreal Projects/MitchNolan32/Content/Particles/Materials/M_radial_ramp.uasset" 261
"../../../../Unreal Projects/MitchNolan32/Content/Particles/Textures/T_Dust_Particle_D.uasset" 262
"../../../../Unreal Projects/MitchNolan32/Content/Particles/Textures/T_Fire_SubUV.uasset" 263
"../../../../Unreal Projects/MitchNolan32/Content/Particles/Textures/T_Fire_Tiled_D.uasset" 264
"../../../../Unreal Projects/MitchNolan32/Content/SFX/Grapple.uasset" 265
"../../../../Unreal Projects/MitchNolan32/Content/SFX/Laughter.uasset" 266
"../../../../Unreal Projects/MitchNolan32/Content/SFX/BulletImpact/BulletImpact.uasset" 267
"../../../../Unreal Projects/MitchNolan32/Content/SFX/BulletImpact/BulletImpact01.uasset" 268
"../../../../Unreal Projects/MitchNolan32/Content/SFX/UI/back_001.uasset" 269
"../../../../Unreal Projects/MitchNolan32/Content/SFX/UI/back_002.uasset" 270
"../../../../Unreal Projects/MitchNolan32/Content/SFX/UI/back_003.uasset" 271
"../../../../Unreal Projects/MitchNolan32/Content/SFX/UI/back_004.uasset" 272
"../../../../Unreal Projects/MitchNolan32/Content/SFX/UI/bong_001.uasset" 273
"../../../../Unreal Projects/MitchNolan32/Content/SFX/UI/click_001.uasset" 274
"../../../../Unreal Projects/MitchNolan32/Content/SFX/UI/click_003.uasset" 275
"../../../../Unreal Projects/MitchNolan32/Content/SFX/UI/click_005.uasset" 276
"../../../../Unreal Projects/MitchNolan32/Content/SFX/UI/close_001.uasset" 277
"../../../../Unreal Projects/MitchNolan32/Content/SFX/UI/close_002.uasset" 278
"../../../../Unreal Projects/MitchNolan32/Content/SFX/UI/close_003.uasset" 279
"../../../../Unreal Projects/MitchNolan32/Content/SFX/UI/close_004.uasset" 280
"../../../../Unreal Projects/MitchNolan32/Content/SFX/UI/confirmation_002.uasset" 281
"../../../../Unreal Projects/MitchNolan32/Content/SFX/UI/confirmation_003.uasset" 282
"../../../../Unreal Projects/MitchNolan32/Content/SFX/UI/confirmation_004.uasset" 283
"../../../../Unreal Projects/MitchNolan32/Content/SFX/UI/drop_002.uasset" 284
"../../../../Unreal Projects/MitchNolan32/Content/SFX/UI/drop_004.uasset" 285
"../../../../Unreal Projects/MitchNolan32/Content/SFX/UI/error_001.uasset" 286
"../../../../Unreal Projects/MitchNolan32/Content/SFX/UI/error_002.uasset" 287
"../../../../Unreal Projects/MitchNolan32/Content/SFX/UI/error_003.uasset" 288
"../../../../Unreal Projects/MitchNolan32/Content/SFX/UI/error_005.uasset" 289
"../../../../Unreal Projects/MitchNolan32/Content/SFX/UI/error_006.uasset" 290
"../../../../Unreal Projects/MitchNolan32/Content/SFX/UI/error_007.uasset" 291
"../../../../Unreal Projects/MitchNolan32/Content/SFX/UI/error_008.uasset" 292
"../../../../Unreal Projects/MitchNolan32/Content/SFX/UI/glass_001.uasset" 293
"../../../../Unreal Projects/MitchNolan32/Content/SFX/UI/glass_002.uasset" 294
"../../../../Unreal Projects/MitchNolan32/Content/SFX/UI/glass_003.uasset" 295
"../../../../Unreal Projects/MitchNolan32/Content/SFX/UI/glass_004.uasset" 296
"../../../../Unreal Projects/MitchNolan32/Content/SFX/UI/glass_005.uasset" 297
"../../../../Unreal Projects/MitchNolan32/Content/SFX/UI/glass_006.uasset" 298
"../../../../Unreal Projects/MitchNolan32/Content/SFX/UI/glitch_001.uasset" 299
"../../../../Unreal Projects/MitchNolan32/Content/SFX/UI/glitch_002.uasset" 300
"../../../../Unreal Projects/MitchNolan32/Content/SFX/UI/glitch_003.uasset" 301
"../../../../Unreal Projects/MitchNolan32/Content/SFX/UI/glitch_004.uasset" 302
"../../../../Unreal Projects/MitchNolan32/Content/SFX/UI/maximize_001.uasset" 303
"../../../../Unreal Projects/MitchNolan32/Content/SFX/UI/maximize_002.uasset" 304
"../../../../Unreal Projects/MitchNolan32/Content/SFX/UI/maximize_004.uasset" 305
"../../../../Unreal Projects/MitchNolan32/Content/SFX/UI/maximize_005.uasset" 306
"../../../../Unreal Projects/MitchNolan32/Content/SFX/UI/maximize_006.uasset" 307
"../../../../Unreal Projects/MitchNolan32/Content/SFX/UI/maximize_007.uasset" 308
"../../../../Unreal Projects/MitchNolan32/Content/SFX/UI/maximize_008.uasset" 309
"../../../../Unreal Projects/MitchNolan32/Content/SFX/UI/maximize_009.uasset" 310
"../../../../Unreal Projects/MitchNolan32/Content/SFX/UI/minimize_001.uasset" 311
"../../../../Unreal Projects/MitchNolan32/Content/SFX/UI/minimize_002.uasset" 312
"../../../../Unreal Projects/MitchNolan32/Content/SFX/UI/minimize_003.uasset" 313
"../../../../Unreal Projects/MitchNolan32/Content/SFX/UI/minimize_004.uasset" 314
"../../../../Unreal Projects/MitchNolan32/Content/SFX/UI/minimize_005.uasset" 315
"../../../../Unreal Projects/MitchNolan32/Content/SFX/UI/minimize_006.uasset" 316
"../../../../Unreal Projects/MitchNolan32/Content/SFX/UI/minimize_007.uasset" 317
"../../../../Unreal Projects/MitchNolan32/Content/SFX/UI/minimize_008.uasset" 318
"../../../../Unreal Projects/MitchNolan32/Content/SFX/UI/minimize_009.uasset" 319
"../../../../Unreal Projects/MitchNolan32/Content/SFX/UI/open_001.uasset" 320
"../../../../Unreal Projects/MitchNolan32/Content/SFX/UI/open_002.uasset" 321
"../../../../Unreal Projects/MitchNolan32/Content/SFX/UI/open_003.uasset" 322
"../../../../Unreal Projects/MitchNolan32/Content/SFX/UI/open_004.uasset" 323
"../../../../Unreal Projects/MitchNolan32/Content/SFX/UI/pluck_001.uasset" 324
"../../../../Unreal Projects/MitchNolan32/Content/SFX/UI/pluck_002.uasset" 325
"../../../../Unreal Projects/MitchNolan32/Content/SFX/UI/question_001.uasset" 326
"../../../../Unreal Projects/MitchNolan32/Content/SFX/UI/question_002.uasset" 327
"../../../../Unreal Projects/MitchNolan32/Content/SFX/UI/question_003.uasset" 328
"../../../../Unreal Projects/MitchNolan32/Content/SFX/UI/question_004.uasset" 329
"../../../../Unreal Projects/MitchNolan32/Content/SFX/UI/scratch_001.uasset" 330
"../../../../Unreal Projects/MitchNolan32/Content/SFX/UI/scratch_002.uasset" 331
"../../../../Unreal Projects/MitchNolan32/Content/SFX/UI/scratch_003.uasset" 332
"../../../../Unreal Projects/MitchNolan32/Content/SFX/UI/scratch_004.uasset" 333
"../../../../Unreal Projects/MitchNolan32/Content/SFX/UI/scratch_005.uasset" 334
"../../../../Unreal Projects/MitchNolan32/Content/SFX/UI/scroll_001.uasset" 335
"../../../../Unreal Projects/MitchNolan32/Content/SFX/UI/scroll_002.uasset" 336
"../../../../Unreal Projects/MitchNolan32/Content/SFX/UI/scroll_003.uasset" 337
"../../../../Unreal Projects/MitchNolan32/Content/SFX/UI/scroll_004.uasset" 338
"../../../../Unreal Projects/MitchNolan32/Content/SFX/UI/scroll_005.uasset" 339
"../../../../Unreal Projects/MitchNolan32/Content/SFX/UI/select_001.uasset" 340
"../../../../Unreal Projects/MitchNolan32/Content/SFX/UI/select_002.uasset" 341
"../../../../Unreal Projects/MitchNolan32/Content/SFX/UI/select_003.uasset" 342
"../../../../Unreal Projects/MitchNolan32/Content/SFX/UI/select_004.uasset" 343
"../../../../Unreal Projects/MitchNolan32/Content/SFX/UI/select_005.uasset" 344
"../../../../Unreal Projects/MitchNolan32/Content/SFX/UI/select_007.uasset" 345
"../../../../Unreal Projects/MitchNolan32/Content/SFX/UI/switch_001.uasset" 346
"../../../../Unreal Projects/MitchNolan32/Content/SFX/UI/switch_002.uasset" 347
"../../../../Unreal Projects/MitchNolan32/Content/SFX/UI/switch_003.uasset" 348
"../../../../Unreal Projects/MitchNolan32/Content/SFX/UI/switch_004.uasset" 349
"../../../../Unreal Projects/MitchNolan32/Content/SFX/UI/switch_005.uasset" 350
"../../../../Unreal Projects/MitchNolan32/Content/SFX/UI/switch_006.uasset" 351
"../../../../Unreal Projects/MitchNolan32/Content/SFX/UI/switch_007.uasset" 352
"../../../../Unreal Projects/MitchNolan32/Content/SFX/UI/tick_001.uasset" 353
"../../../../Unreal Projects/MitchNolan32/Content/SFX/UI/tick_002.uasset" 354
"../../../../Unreal Projects/MitchNolan32/Content/SFX/UI/tick_004.uasset" 355
"../../../../Unreal Projects/MitchNolan32/Content/SFX/UI/toggle_001.uasset" 356
"../../../../Unreal Projects/MitchNolan32/Content/SFX/UI/toggle_002.uasset" 357
"../../../../Unreal Projects/MitchNolan32/Content/SFX/UI/toggle_003.uasset" 358
"../../../../Unreal Projects/MitchNolan32/Content/SFX/UI/toggle_004.uasset" 359
"../../../../Unreal Projects/MitchNolan32/Content/Textures/square_gradient.uasset" 360
"../../../../Unreal Projects/MitchNolan32/Content/Textures/BurnMarks/Burn_Mark_10.uasset" 361
"../../../../Unreal Projects/MitchNolan32/Content/Textures/BurnMarks/Burn_Mark_11.uasset" 362
"../../../../Unreal Projects/MitchNolan32/Content/Textures/BurnMarks/Burn_Mark_12.uasset" 363
"../../../../Unreal Projects/MitchNolan32/Content/Textures/BurnMarks/Burn_Mark_13.uasset" 364
"../../../../Unreal Projects/MitchNolan32/Content/Textures/BurnMarks/Burn_Mark_14.uasset" 365
"../../../../Unreal Projects/MitchNolan32/Content/Textures/BurnMarks/Burn_Mark_15.uasset" 366
"../../../../Unreal Projects/MitchNolan32/Content/Textures/BurnMarks/Burn_Mark_9.uasset" 367
"../../../../Unreal Projects/MitchNolan32/Content/UI/Server/UI_ServerEntry.uasset" 368
"../../../../Unreal Projects/MitchNolan32/Content/SFX/UI/drop_003.uasset" 369
"../../../../Unreal Projects/MitchNolan32/Content/SFX/UI/drop_001.uasset" 370
"../../../../Unreal Projects/MitchNolan32/Content/UI/Server/UI_ServerBrowser.uasset" 371
"../../../../Unreal Projects/MitchNolan32/Content/SFX/UI/select_008.uasset" 372
"../../../../Unreal Projects/MitchNolan32/Content/UI/Server/UI_HostServer.uasset" 373
"../../Plugins/Marketplace/AutoSettings/Content/SettingControls/DefaultSliderSetting.uasset" 374
"../../Plugins/Marketplace/AutoSettings/Content/SettingControls/DefaultComboBoxSetting.uasset" 375
"../../Plugins/Marketplace/AutoSettings/Content/SettingControls/DefaultCheckBoxSetting.uasset" 376
"../../../../Unreal Projects/MitchNolan32/Content/UI/MainMenu/UI_Options.uasset" 377
"../../../../Unreal Projects/MitchNolan32/Content/UI/MainMenu/MainMenuCameraManager.uasset" 378
"../../../../Unreal Projects/MitchNolan32/Content/UI/Fonts/MECHSUIT.uasset" 379
"../../../../Unreal Projects/MitchNolan32/Content/UI/Fonts/MECHSUIT_Font.uasset" 380
"../../../../Unreal Projects/MitchNolan32/Content/UI/UI_PlayerPanel.uasset" 381
"../../../../Unreal Projects/MitchNolan32/Content/SFX/UI/error_004.uasset" 382
"../../../../Unreal Projects/MitchNolan32/Content/UI/MainMenu/UI_MainMenu.uasset" 383
"../../../../Unreal Projects/MitchNolan32/Content/UI/UI_MainMenu.uasset" 384
"../../../../Unreal Projects/MitchNolan32/Content/UI/MainMenu/mitch_nolan_transparent.uasset" 385
"../../../../Unreal Projects/MitchNolan32/Content/UI/MainMenu/iraq.uasset" 386
"../../../../Unreal Projects/MitchNolan32/Content/UI/MainMenu/UI_MitchNolanBackground.uasset" 387
"../../../../Unreal Projects/MitchNolan32/Content/UI/UI_MitchNolan.uasset" 388
"../../../../Unreal Projects/MitchNolan32/Content/UI/UI_YouDied.uasset" 389
"../../../../Unreal Projects/MitchNolan32/Content/UI/Fonts/OVER_THERE.uasset" 390
"../../../../Unreal Projects/MitchNolan32/Content/UI/Fonts/OVER_THERE_Font.uasset" 391
"../../../../Unreal Projects/MitchNolan32/Content/UI/MainMenu/mitch_nolan_sim_32_title.uasset" 392
"../../../../Unreal Projects/MitchNolan32/Content/UI/Server/UI_LostConnection.uasset" 393
"../../../Engine/Content/Animation/DefaultAnimBoneCompressionSettings.uasset" 394
"../../../Engine/Content/Animation/DefaultAnimCurveCompressionSettings.uasset" 395
"../../../Engine/Content/ArtTools/RenderToTexture/Meshes/S_1_Unit_Plane.uasset" 396
"../../../Engine/Content/BasicShapes/Cone.uasset" 397
"../../../Engine/Content/EditorLandscapeResources/DataLayer.uasset" 398
"../../../Engine/Content/EditorLandscapeResources/DefaultAlphaTexture.uasset" 399
"../../../Engine/Content/EditorMaterials/MAT_Groups_Toggle.uasset" 400
"../../../Engine/Content/EditorMaterials/MAT_Groups_Visibility.uasset" 401
"../../../Engine/Content/EditorMaterials/PreviewShadowIndicator.uasset" 402
"../../../Engine/Content/EditorMaterials/PreviewShadowIndicatorMaterial.uasset" 403
"../../../Engine/Content/EditorMaterials/MatineeGroups/MAT_ColorTrack.uasset" 404
"../../../Engine/Content/EditorMaterials/MatineeGroups/MAT_Groups_Anim.uasset" 405
"../../../Engine/Content/EditorMaterials/MatineeGroups/MAT_Groups_AudioMaster.uasset" 406
"../../../Engine/Content/EditorMaterials/MatineeGroups/MAT_Groups_Director.uasset" 407
"../../../Engine/Content/EditorMaterials/MatineeGroups/MAT_Groups_Event.uasset" 408
"../../../Engine/Content/EditorMaterials/MatineeGroups/MAT_Groups_Fade.uasset" 409
"../../../Engine/Content/EditorMaterials/MatineeGroups/MAT_Groups_Float.uasset" 410
"../../../Engine/Content/EditorMaterials/MatineeGroups/MAT_Groups_Move.uasset" 411
"../../../Engine/Content/EditorMaterials/MatineeGroups/MAT_Groups_Slomo.uasset" 412
"../../../Engine/Content/EditorMaterials/MatineeGroups/MAT_Groups_Sound.uasset" 413
"../../../Engine/Content/EditorMaterials/MatineeGroups/MAT_Groups_Vector.uasset" 414
"../../../Engine/Content/EditorMaterials/ParticleSystems/PSysThumbnail_NoImage.uasset" 415
"../../../Engine/Content/EditorMaterials/ParticleSystems/PSysThumbnail_OOD.uasset" 416
"../../../Engine/Content/EditorMaterials/Camera/CineMat.uasset" 417
"../../../Engine/Content/EditorMaterials/Camera/MI_CineMat_Rig.uasset" 418
"../../../Engine/Content/EditorMeshes/Camera/SM_CraneRig_Arm.uasset" 419
"../../../Engine/Content/EditorMeshes/Camera/SM_CraneRig_Base.uasset" 420
"../../../Engine/Content/EditorMeshes/Camera/SM_CraneRig_Body.uasset" 421
"../../../Engine/Content/EditorMeshes/Camera/SM_CraneRig_Mount.uasset" 422
"../../../Engine/Content/EditorMeshes/Camera/SM_RailRig_Mount.uasset" 423
"../../../Engine/Content/EditorMeshes/Camera/SM_RailRig_Track.uasset" 424
"../../../Engine/Content/EditorResources/BSPVertex.uasset" 425
"../../../Engine/Content/EditorResources/EmptyActor.uasset" 426
"../../../Engine/Content/EditorResources/S_Actor.uasset" 427
"../../../Engine/Content/EditorResources/S_Note.uasset" 428
"../../../Engine/Content/EditorResources/S_Solver.uasset" 429
"../../../Engine/Content/EditorResources/S_Terrain.uasset" 430
"../../../Engine/Content/EditorResources/S_Trigger.uasset" 431
"../../../Engine/Content/EditorResources/AudioIcons/S_AudioComponent_AutoActivate.uasset" 432
"../../../Engine/Content/EditorResources/LightIcons/S_LightError.uasset" 433
"../../../Engine/Content/EditorResources/SequenceRecorder/Countdown.uasset" 434
"../../../Engine/Content/EditorResources/SequenceRecorder/RecordingIndicator.uasset" 435
"../../../Engine/Content/EngineDamageTypes/DmgTypeBP_Environmental.uasset" 436
"../../../Engine/Content/EngineDebugMaterials/DebugEditorMaterial.uasset" 437
"../../../Engine/Content/EngineDebugMaterials/DebugMeshMaterial.uasset" 438
"../../../Engine/Content/EngineDebugMaterials/M_SimpleUnlitTranslucent.uasset" 439
"../../../Engine/Content/EngineDebugMaterials/VolumeToRender.uasset" 440
"../../../Engine/Content/Functions/Engine_MaterialFunctions02/Utility/CameraDirectionVector.uasset" 441
"../../../Engine/Content/EngineDebugMaterials/M_VolumeRenderSphereTracePP.uasset" 442
"../../../Engine/Content/Functions/Engine_MaterialFunctions01/Shading/ConvertFromDiffSpec.uasset" 443
"../../../Engine/Content/EngineDebugMaterials/VertexColorMaterial.uasset" 444
"../../../Engine/Content/EngineDebugMaterials/WireframeMaterial.uasset" 445
"../../../Engine/Content/EngineFonts/Faces/RobotoRegular.uasset" 446
"../../../Engine/Content/EngineFonts/Faces/RobotoLight.uasset" 447
"../../../Engine/Content/EngineFonts/Faces/RobotoItalic.uasset" 448
"../../../Engine/Content/EngineFonts/Faces/RobotoBoldItalic.uasset" 449
"../../../Engine/Content/EngineFonts/Faces/RobotoBold.uasset" 450
"../../../Engine/Content/EngineFonts/Faces/DroidSansFallback.uasset" 451
"../../../Engine/Content/EngineFonts/Roboto.uasset" 452
"../../../Engine/Content/EngineMaterials/BaseFlattenNormalMap.uasset" 453
"../../../Engine/Content/EngineMaterials/BaseFlattenGrayscaleMap.uasset" 454
"../../../Engine/Content/EngineMaterials/BaseFlattenEmissiveMap.uasset" 455
"../../../Engine/Content/EngineMaterials/BaseFlattenDiffuseMap.uasset" 456
"../../../Engine/Content/EngineMaterials/BaseFlattenMaterial.uasset" 457
"../../../Engine/Content/EngineMaterials/BlueNoise.uasset" 458
"../../../Engine/Content/EngineMaterials/DefaultBloomKernel.uasset" 459
"../../../Engine/Content/EngineMaterials/DefaultBokeh.uasset" 460
"../../../Engine/Content/EngineMaterials/DefaultDiffuse.uasset" 461
"../../../Engine/Content/EngineMaterials/DefaultDeferredDecalMaterial.uasset" 462
"../../../Engine/Content/EngineMaterials/DefaultLightFunctionMaterial.uasset" 463
"../../../Engine/Content/EngineMaterials/DefaultPhysicalMaterial.uasset" 464
"../../../Engine/Content/Functions/Engine_MaterialFunctions02/Utility/BreakOutFloat2Components.uasset" 465
"../../../Engine/Content/EngineMaterials/DefaultPostProcessMaterial.uasset" 466
"../../../Engine/Content/EngineFonts/RobotoDistanceField.uasset" 467
"../../../Engine/Content/EngineMaterials/DefaultTextMaterialOpaque.uasset" 468
"../../../Engine/Content/EngineMaterials/DefaultWhiteGrid.uasset" 469
"../../../Engine/Content/EngineMaterials/DefaultWhiteGrid_Low.uasset" 470
"../../../Engine/Content/EngineMaterials/EmissiveMeshMaterial.uasset" 471
"../../../Engine/Content/EngineMaterials/GizmoMaterial.uasset" 472
"../../../Engine/Content/EngineMaterials/Good64x64TilingNoiseHighFreq.uasset" 473
"../../../Engine/Content/EngineMaterials/MiniFont.uasset" 474
"../../../Engine/Content/EngineMaterials/InvalidLightmapSettings.uasset" 475
"../../../Engine/Content/EngineMaterials/M_InvalidLightmapSettings.uasset" 476
"../../../Engine/Content/Functions/Engine_MaterialFunctions02/WorldPositionOffset/CameraOffset.uasset" 477
"../../../Engine/Content/EngineMaterials/PhAT_JointLimitMaterial.uasset" 478
"../../../Engine/Content/EngineMaterials/PreintegratedSkinBRDF.uasset" 479
"../../../Engine/Content/EngineMaterials/RemoveSurfaceMaterial.uasset" 480
"../../../Engine/Content/EngineMaterials/WeightMapPlaceholderTexture.uasset" 481
"../../../Engine/Content/EngineResources/WhiteSquareTexture.uasset" 482
"../../../Engine/Content/EngineMaterials/Widget3DPassThrough.uasset" 483
"../../../Engine/Content/EngineMaterials/Widget3DPassThrough_Masked.uasset" 484
"../../../Engine/Content/EngineMaterials/Widget3DPassThrough_Opaque.uasset" 485
"../../../Engine/Content/EngineMaterials/Widget3DPassThrough_Masked_OneSided.uasset" 486
"../../../Engine/Content/EngineMaterials/Widget3DPassThrough_Opaque_OneSided.uasset" 487
"../../../Engine/Content/EngineMaterials/Widget3DPassThrough_Translucent.uasset" 488
"../../../Engine/Content/EngineMaterials/Widget3DPassThrough_Translucent_OneSided.uasset" 489
"../../../Engine/Content/EngineMeshes/Cylinder.uasset" 490
"../../../Engine/Content/EngineMeshes/Sphere.uasset" 491
"../../../Engine/Content/EngineResources/Black.uasset" 492
"../../../Engine/Content/EngineResources/DefaultTextureCube.uasset" 493
"../../../Engine/Content/EngineResources/DefaultVolumeTexture2D.uasset" 494
"../../../Engine/Content/EngineResources/DefaultVolumeTexture.uasset" 495
"../../../Engine/Content/EngineResources/GradientTexture0.uasset" 496
"../../../Engine/Content/EngineSky/VolumetricClouds/T_NoiseShape64.uasset" 497
"../../../Engine/Content/EngineSky/VolumetricClouds/T_VolumeNoiseShape64.uasset" 498
"../../../Engine/Content/EngineSky/VolumetricClouds/T_NoiseErosion.uasset" 499
"../../../Engine/Content/EngineSky/VolumetricClouds/T_VolumeNoiseErosion32.uasset" 500
"../../../Engine/Content/Functions/Engine_MaterialFunctions02/Utility/MakeFloat2.uasset" 501
"../../../Engine/Content/EngineSky/VolumetricClouds/CloudWeatherTexture.uasset" 502
"../../../Engine/Content/EngineSky/VolumetricClouds/CloudGradientTexture.uasset" 503
"../../../Engine/Content/EngineSky/VolumetricClouds/m_SimpleVolumetricCloud.uasset" 504
"../../../Engine/Content/EngineSky/VolumetricClouds/m_SimpleVolumetricCloud_Inst.uasset" 505
"../../../Engine/Content/EngineSounds/Master.uasset" 506
"../../../Engine/Content/Functions/Engine_MaterialFunctions01/Shading/PowerToRoughness.uasset" 507
"../../../Engine/Content/Maps/Templates/Thumbnails/Default.uasset" 508
"../../../Engine/Content/Maps/Templates/Thumbnails/TimeOfDay.uasset" 509
"../../../Engine/Content/Maps/Templates/Thumbnails/VR-Basic.uasset" 510
"../../../Engine/Content/MobileResources/T_MobileControls_texture.uasset" 511
"../../../Engine/Content/MobileResources/T_MobileMenu2.uasset" 512
"../../../Engine/Content/MobileResources/HUD/AnalogHat.uasset" 513
"../../../Engine/Content/MobileResources/HUD/VirtualJoystick_Thumb.uasset" 514
"../../../Engine/Content/MobileResources/HUD/VirtualJoystick_Background.uasset" 515
"../../../Engine/Content/MobileResources/HUD/DefaultVirtualJoysticks.uasset" 516
"../../../Engine/Content/MobileResources/HUD/LeftVirtualJoystickOnly.uasset" 517
"../../../Engine/Content/MobileResources/HUD/MobileHUDButton1_off.uasset" 518
"../../../Engine/Content/MobileResources/HUD/MobileHUDButton1_on.uasset" 519
"../../../Engine/Content/MobileResources/HUD/MobileHUDButton2_off.uasset" 520
"../../../Engine/Content/MobileResources/HUD/MobileHUDButton2_on.uasset" 521
"../../../Engine/Content/MobileResources/HUD/MobileHUDButton3.uasset" 522
"../../../Engine/Content/MobileResources/HUD/MobileHUDButtonFire.uasset" 523
"../../../Engine/Content/MobileResources/HUD/MobileHUDDirectionPad.uasset" 524
"../../../Engine/Content/MobileResources/HUD/MobileHUDDirectionPad2.uasset" 525
"../../../Engine/Content/MobileResources/HUD/MobileHUDDirectionPad3.uasset" 526
"../../../Engine/Content/MobileResources/HUD/MobileHUDDirectionStick.uasset" 527
"../../../Engine/Content/MobileResources/HUD/T_Castle_ThumbstickInner.uasset" 528
"../../../Engine/Content/MobileResources/HUD/T_Castle_ThumbstickOutter.uasset" 529
"../../../Engine/Content/Tutorial/ContentIntroCurve.uasset" 530
"../../../Engine/Content/Tutorial/Basics/LevelEditorAttract.uasset" 531
"../../../Engine/Content/VREditor/TransformGizmo/TranslucentTransformGizmoMaterial.uasset" 532
"../../../Engine/Content/VREditor/LaserPointer/VR_LaserPower_01.uasset" 533
"../../../Engine/Content/VREditor/TransformGizmo/TransformGizmoMaterial.uasset" 534
"../../../Engine/Content/VREditor/TransformGizmo/BoundingBoxCorner.uasset" 535
"../../../Engine/Content/VREditor/TransformGizmo/BoundingBoxEdge.uasset" 536
"../../../Engine/Content/VREditor/TransformGizmo/PlaneTranslationHandle.uasset" 537
"../../../Engine/Content/VREditor/TransformGizmo/Xray.uasset" 538
"../../../Engine/Content/VREditor/TransformGizmo/Main.uasset" 539
"../../../Engine/Content/VREditor/TransformGizmo/SM_Sequencer_Key.uasset" 540
"../../../Engine/Content/VREditor/TransformGizmo/SM_Sequencer_Node.uasset" 541
"../../Plugins/2D/Paper2D/Content/PlaceholderTextures/DummySpriteTexture.uasset" 542
"../../Plugins/2D/Paper2D/Content/DummySprite.uasset" 543
"../../Plugins/2D/Paper2D/Content/DefaultPaperTerrainMaterial.uasset" 544
"../../Plugins/2D/Paper2D/Content/DefaultSpriteMaterial.uasset" 545
"../../Plugins/2D/Paper2D/Content/MaskedUnlitSpriteMaterial.uasset" 546
"../../Plugins/2D/Paper2D/Content/OpaqueUnlitSpriteMaterial.uasset" 547
"../../../Engine/Content/Functions/Engine_MaterialFunctions02/Utility/BreakOutFloat3Components.uasset" 548
"../../../Engine/Content/Functions/Engine_MaterialFunctions02/ObjectLocalBounds.uasset" 549
"../../Plugins/Editor/SpeedTreeImporter/Content/SpeedTree9/UnpackInteger3.uasset" 550
"../../Plugins/Editor/SpeedTreeImporter/Content/SpeedTree9/UnpackDirection.uasset" 551
"../../Plugins/Editor/SpeedTreeImporter/Content/SpeedTree9/game_wind_noise.uasset" 552
"../../../Engine/Content/Functions/Engine_MaterialFunctions02/SafeNormalize.uasset" 553
"../../Plugins/Editor/SpeedTreeImporter/Content/SpeedTree9/SpeedTreeWindMotion.uasset" 554
"../../Plugins/Editor/SpeedTreeImporter/Content/SpeedTree9/SpeedTreeBranchMotion.uasset" 555
"../../../Engine/Content/Functions/Engine_MaterialFunctions02/UVs/BoundingBoxBased_0-1_UVW.uasset" 556
"../../Plugins/Editor/SpeedTreeImporter/Content/SpeedTree9/SpeedTreeWind.uasset" 557
"../../Plugins/Editor/SpeedTreeImporter/Content/SpeedTree9/SpeedTreeBillboard.uasset" 558
"../../../Engine/Content/EngineResources/DefaultTexture.uasset" 559
"../../Plugins/Editor/SpeedTreeImporter/Content/SpeedTree9/SpeedTreeBillboardMaster.uasset" 560
"../../Plugins/Editor/SpeedTreeImporter/Content/SpeedTree9/SpeedTreeCameraFacing.uasset" 561
"../../Plugins/Editor/SpeedTreeImporter/Content/SpeedTree9/SpeedTreeMaster.uasset" 562
"../../../../Unreal Projects/MitchNolan32/Plugins/LowEntryExtStdLib/Content/Blueprints/LowEntryExtendedStandardLibraryMacros.uasset" 563
"../../../Engine/Content/ArtTools/RenderToTexture/Materials/Debug/M_Emissive_Color.uasset" 564
"../../Plugins/Lumin/MagicLeapPassableWorld/Content/MagicLeapARPinInfoActor.uasset" 565
"../../../Engine/Content/Functions/Engine_MaterialFunctions02/Utility/MakeFloat3.uasset" 566
"../../../Engine/Content/Functions/Engine_MaterialFunctions02/Utility/BreakOutFloat4Components.uasset" 567
"../../Plugins/Runtime/Oculus/OculusVR/Content/Materials/OculusMR_ChromaKey.uasset" 568
"../../Plugins/Runtime/Oculus/OculusVR/Content/Materials/OculusMR_OpaqueColoredMaterial.uasset" 569
"../../Plugins/Runtime/Oculus/OculusVR/Content/Materials/PokeAHoleMaterial.uasset" 570
"../../../../Unreal Projects/MitchNolan32/Content/Geometry/Meshes/1M_Cube.uasset" 571
"../../../Engine/Content/EngineSky/T_Sky_Stars.uasset" 572
"../../../Engine/Content/EngineSky/T_Sky_Clouds_M.uasset" 573
"../../../Engine/Content/EngineSky/T_Sky_Blue.uasset" 574
"../../../Engine/Content/EngineSky/M_Sky_Panning_Clouds2.uasset" 575
"../../../Engine/Content/Functions/Engine_MaterialFunctions03/Procedurals/ComputeFilterWidth.uasset" 576
"../../../Engine/Content/EngineMaterials/AntiAliasedTextMaterialTranslucent.uasset" 577
"../../../../Unreal Projects/MitchNolan32/Content/FirstPersonBP/Maps/FirstPersonExampleMap_BuiltData.uasset" 578
"../../../Engine/Content/EngineSky/SM_SkySphere.uasset" 579
"../../../Engine/Content/EngineSky/C_Sky_Zenith_Color.uasset" 580
"../../../Engine/Content/EngineSky/C_Sky_Horizon_Color.uasset" 581
"../../../Engine/Content/EngineSky/C_Sky_Cloud_Color.uasset" 582
"../../../Engine/Content/EngineSky/BP_Sky_Sphere.uasset" 583
"../../../../Unreal Projects/MitchNolan32/Content/FirstPersonBP/Blueprints/FirstPerson/Gamemodes/FirstPersonGameMode.uasset" 584
"../../../../Unreal Projects/MitchNolan32/Content/FirstPersonBP/Blueprints/FirstPerson/FirstPersonGameMode.uasset" 585
"../../../../Unreal Projects/MitchNolan32/Content/FirstPersonBP/Blueprints/FirstPersonGameMode.uasset" 586
"../../../../Unreal Projects/MitchNolan32/Content/FirstPersonBP/Blueprints/FirstPersonCharacter.uasset" 587
"../../../../Unreal Projects/MitchNolan32/Content/FirstPerson/Meshes/CubeMaterialOverride.uasset" 588
"../../../../Unreal Projects/MitchNolan32/Content/FirstPersonBP/Maps/FirstPersonExampleMap.umap" 589
"../../../../Unreal Projects/MitchNolan32/Content/Levels/Arena_BuiltData.uasset" 590
"../../../Engine/Content/BasicShapes/Cube.uasset" 591
"../../../../Unreal Projects/MitchNolan32/Content/Blueprints/FPS/TeamDecoration.uasset" 592
"../../../../Unreal Projects/MitchNolan32/Content/Levels/Arena.umap" 593
"../../../../Unreal Projects/MitchNolan32/Content/Levels/Compound_BuiltData.uasset" 594
"../../../../Unreal Projects/MitchNolan32/Content/Levels/Compound.umap" 595
"../../../../Unreal Projects/MitchNolan32/Content/FirstPersonBP/Blueprints/MainMenuGameMode.uasset" 596
"../../../../Unreal Projects/MitchNolan32/Content/Levels/Dev.umap" 597
"../../../../Unreal Projects/MitchNolan32/Content/Levels/Duel_BuiltData.uasset" 598
"../../../../Unreal Projects/MitchNolan32/Content/Levels/Duel.umap" 599
"../../../../Unreal Projects/MitchNolan32/Content/UI/MainMenu/UI_TitleScreen.uasset" 600
"../../../../Unreal Projects/MitchNolan32/Content/UI/MainMenu/mitch_nolan_transparent_Mat.uasset" 601
"../../../../Unreal Projects/MitchNolan32/Content/UI/MainMenu/mitch_nolan_sim_32.uasset" 602
"../../../../Unreal Projects/MitchNolan32/Content/UI/MainMenu/mitch_nolan_sim_32_Mat.uasset" 603
"../../../../Unreal Projects/MitchNolan32/Content/Levels/MainMenu_BuiltData.uasset" 604
"../../../../Unreal Projects/MitchNolan32/Content/Levels/MainMenu.umap" 605
"../../../../Unreal Projects/MitchNolan32/Content/FirstPersonBP/Blueprints/FirstPerson/Gamemodes/OctoGame.uasset" 606
"../../../../Unreal Projects/MitchNolan32/Content/Blueprints/Octogame/Glass.uasset" 607
"../../../../Unreal Projects/MitchNolan32/Content/SFX/GlassBreak01.uasset" 608
"../../../../Unreal Projects/MitchNolan32/Content/Blueprints/Octogame/Octo_GlassPlatform.uasset" 609
"../../../../Unreal Projects/MitchNolan32/Content/Blueprints/Octogame/Octo_GlassPlatformSpawner.uasset" 610
"../../../../Unreal Projects/MitchNolan32/Content/Levels/Octogame.umap" 611
"../../../../Unreal Projects/MitchNolan32/Content/Levels/Pipes_BuiltData.uasset" 612
"../../../../Unreal Projects/MitchNolan32/Content/Levels/Pipes.umap" 613
"../../../../Unreal Projects/MitchNolan32/Content/Levels/Towers_BuiltData.uasset" 614
"../../../../Unreal Projects/MitchNolan32/Content/Levels/Towers.umap" 615
"../../../Engine/Content/Maps/Entry_BuiltData.uasset" 616
"../../../Engine/Content/Maps/Entry.umap" 617
